  [1m[35m (1739.0ms)[0m  [1m[35mCREATE DATABASE "first_routes_and_controllers_development" ENCODING = 'unicode'[0m
  ↳ bin/rails:9
  [1m[35m (391.5ms)[0m  [1m[35mCREATE DATABASE "first_routes_and_controllers_test" ENCODING = 'unicode'[0m
  ↳ bin/rails:9
Started GET "/users" for 127.0.0.1 at 2019-04-08 13:22:07 -0700
Started GET "/" for 127.0.0.1 at 2019-04-08 13:22:07 -0700

AbstractController::ActionNotFound - The action 'index' could not be found for UsersController:

Processing by Rails::WelcomeController#index as HTML
  Rendering /Users/gordycooper/.rbenv/versions/2.5.1/lib/ruby/gems/2.5.0/gems/railties-5.2.3/lib/rails/templates/rails/welcome/index.html.erb
  Rendered /Users/gordycooper/.rbenv/versions/2.5.1/lib/ruby/gems/2.5.0/gems/railties-5.2.3/lib/rails/templates/rails/welcome/index.html.erb (10.1ms)
Completed 200 OK in 147ms (Views: 61.7ms | ActiveRecord: 0.0ms)


Started GET "/" for ::1 at 2019-04-08 13:23:00 -0700
Processing by Rails::WelcomeController#index as HTML
  Rendering /Users/gordycooper/.rbenv/versions/2.5.1/lib/ruby/gems/2.5.0/gems/railties-5.2.3/lib/rails/templates/rails/welcome/index.html.erb
  Rendered /Users/gordycooper/.rbenv/versions/2.5.1/lib/ruby/gems/2.5.0/gems/railties-5.2.3/lib/rails/templates/rails/welcome/index.html.erb (11.4ms)
Completed 200 OK in 50ms (Views: 18.2ms | ActiveRecord: 0.0ms)


Started GET "/" for 127.0.0.1 at 2019-04-08 13:24:21 -0700
Processing by Rails::WelcomeController#index as HTML
  Rendering /Users/gordycooper/.rbenv/versions/2.5.1/lib/ruby/gems/2.5.0/gems/railties-5.2.3/lib/rails/templates/rails/welcome/index.html.erb
  Rendered /Users/gordycooper/.rbenv/versions/2.5.1/lib/ruby/gems/2.5.0/gems/railties-5.2.3/lib/rails/templates/rails/welcome/index.html.erb (17.4ms)
Completed 200 OK in 202ms (Views: 120.3ms | ActiveRecord: 0.0ms)


Started GET "/" for ::1 at 2019-04-08 13:24:24 -0700
Processing by Rails::WelcomeController#index as HTML
  Rendering /Users/gordycooper/.rbenv/versions/2.5.1/lib/ruby/gems/2.5.0/gems/railties-5.2.3/lib/rails/templates/rails/welcome/index.html.erb
  Rendered /Users/gordycooper/.rbenv/versions/2.5.1/lib/ruby/gems/2.5.0/gems/railties-5.2.3/lib/rails/templates/rails/welcome/index.html.erb (5.0ms)
Completed 200 OK in 23ms (Views: 15.0ms | ActiveRecord: 0.0ms)


Started GET "/" for 127.0.0.1 at 2019-04-08 13:24:36 -0700
Processing by Rails::WelcomeController#index as HTML
  Rendering /Users/gordycooper/.rbenv/versions/2.5.1/lib/ruby/gems/2.5.0/gems/railties-5.2.3/lib/rails/templates/rails/welcome/index.html.erb
  Rendered /Users/gordycooper/.rbenv/versions/2.5.1/lib/ruby/gems/2.5.0/gems/railties-5.2.3/lib/rails/templates/rails/welcome/index.html.erb (4.1ms)
Completed 200 OK in 20ms (Views: 13.2ms | ActiveRecord: 0.0ms)


Started GET "/" for 127.0.0.1 at 2019-04-08 13:24:44 -0700
Processing by Rails::WelcomeController#index as HTML
  Rendering /Users/gordycooper/.rbenv/versions/2.5.1/lib/ruby/gems/2.5.0/gems/railties-5.2.3/lib/rails/templates/rails/welcome/index.html.erb
  Rendered /Users/gordycooper/.rbenv/versions/2.5.1/lib/ruby/gems/2.5.0/gems/railties-5.2.3/lib/rails/templates/rails/welcome/index.html.erb (2.9ms)
Completed 200 OK in 15ms (Views: 7.5ms | ActiveRecord: 0.0ms)


Started GET "/" for ::1 at 2019-04-08 13:24:52 -0700
Processing by Rails::WelcomeController#index as HTML
  Rendering /Users/gordycooper/.rbenv/versions/2.5.1/lib/ruby/gems/2.5.0/gems/railties-5.2.3/lib/rails/templates/rails/welcome/index.html.erb
  Rendered /Users/gordycooper/.rbenv/versions/2.5.1/lib/ruby/gems/2.5.0/gems/railties-5.2.3/lib/rails/templates/rails/welcome/index.html.erb (4.4ms)
Completed 200 OK in 34ms (Views: 22.2ms | ActiveRecord: 0.0ms)


Started POST "/users?user[username]&user[password]" for 127.0.0.1 at 2019-04-08 13:27:02 -0700

AbstractController::ActionNotFound - The action 'create' could not be found for UsersController:

Started GET "/" for ::1 at 2019-04-08 13:29:18 -0700
Processing by Rails::WelcomeController#index as */*
  Rendering /Users/gordycooper/.rbenv/versions/2.5.1/lib/ruby/gems/2.5.0/gems/railties-5.2.3/lib/rails/templates/rails/welcome/index.html.erb
  Rendered /Users/gordycooper/.rbenv/versions/2.5.1/lib/ruby/gems/2.5.0/gems/railties-5.2.3/lib/rails/templates/rails/welcome/index.html.erb (24.6ms)
Completed 200 OK in 430ms (Views: 108.2ms | ActiveRecord: 0.0ms)


Started GET "/" for 127.0.0.1 at 2019-04-08 13:30:06 -0700
Processing by Rails::WelcomeController#index as */*
  Parameters: {"{user: {\"name\": \"Pree\", \"email\": \"preegill@yahoo.com\"}}"=>nil}
  Rendering /Users/gordycooper/.rbenv/versions/2.5.1/lib/ruby/gems/2.5.0/gems/railties-5.2.3/lib/rails/templates/rails/welcome/index.html.erb
  Rendered /Users/gordycooper/.rbenv/versions/2.5.1/lib/ruby/gems/2.5.0/gems/railties-5.2.3/lib/rails/templates/rails/welcome/index.html.erb (5.8ms)
Completed 200 OK in 235ms (Views: 96.3ms | ActiveRecord: 0.0ms)


Started GET "/users" for ::1 at 2019-04-08 13:31:12 -0700

AbstractController::ActionNotFound - The action 'index' could not be found for UsersController:

Started GET "/users" for 127.0.0.1 at 2019-04-08 13:31:36 -0700

AbstractController::ActionNotFound - The action 'index' could not be found for UsersController:

Started GET "/users" for ::1 at 2019-04-08 13:34:02 -0700
Processing by UsersController#index as */*
No template found for UsersController#index, rendering head :no_content
Completed 204 No Content in 354ms (ActiveRecord: 0.0ms)


Started GET "/users" for 127.0.0.1 at 2019-04-08 13:34:04 -0700
Processing by UsersController#index as */*
  Parameters: {"{user: {\"name\": \"Pree\", \"email\": \"preegill@yahoo.com\"}}"=>nil}
No template found for UsersController#index, rendering head :no_content
Completed 204 No Content in 497ms (ActiveRecord: 0.0ms)


Started GET "/users" for 127.0.0.1 at 2019-04-08 13:34:50 -0700
Processing by UsersController#index as HTML
Completed 406 Not Acceptable in 256ms (ActiveRecord: 0.0ms)



ActionController::UnknownFormat - UsersController#index is missing a template for this request format and variant.

request.formats: ["text/html"]
request.variant: []

NOTE! For XHR/Ajax or API requests, this action would normally respond with 204 No Content: an empty white screen. Since you're loading it in a web browser, we assume that you expected to actually render a template, not nothing, so we're showing an error to be extra-clear. If you expect 204 No Content, carry on. That's what you'll get from an XHR or API request. Give it a shot.:

Started POST "/__better_errors/e28822fe4956ce93/variables" for 127.0.0.1 at 2019-04-08 13:34:51 -0700
Started GET "/users" for ::1 at 2019-04-08 13:36:17 -0700
Processing by UsersController#index as HTML
Completed 406 Not Acceptable in 222ms (ActiveRecord: 0.0ms)



ActionController::UnknownFormat - UsersController#index is missing a template for this request format and variant.

request.formats: ["text/html"]
request.variant: []

NOTE! For XHR/Ajax or API requests, this action would normally respond with 204 No Content: an empty white screen. Since you're loading it in a web browser, we assume that you expected to actually render a template, not nothing, so we're showing an error to be extra-clear. If you expect 204 No Content, carry on. That's what you'll get from an XHR or API request. Give it a shot.:

Started POST "/__better_errors/513b6ae2cb194e3e/variables" for ::1 at 2019-04-08 13:36:18 -0700
Started GET "/users" for ::1 at 2019-04-08 13:38:40 -0700
Processing by UsersController#index as HTML
  Rendering text template
  Rendered text template (0.0ms)
Completed 200 OK in 34ms (Views: 33.5ms | ActiveRecord: 0.0ms)


Started GET "/users" for 127.0.0.1 at 2019-04-08 13:38:52 -0700
Processing by UsersController#index as HTML
  Rendering text template
  Rendered text template (0.0ms)
Completed 200 OK in 1ms (Views: 0.8ms | ActiveRecord: 0.0ms)


Started GET "/users" for ::1 at 2019-04-08 13:38:52 -0700
Processing by UsersController#index as */*
  Rendering text template
  Rendered text template (0.0ms)
Completed 200 OK in 6ms (Views: 1.7ms | ActiveRecord: 0.0ms)


Started GET "/users" for 127.0.0.1 at 2019-04-08 13:39:00 -0700
Processing by UsersController#index as */*
  Parameters: {"{user: {\"name\": \"Pree\", \"email\": \"preegill@yahoo.com\"}}"=>nil}
  Rendering text template
  Rendered text template (0.0ms)
Completed 200 OK in 1ms (Views: 0.4ms | ActiveRecord: 0.0ms)


Started GET "/users/?id=1" for ::1 at 2019-04-08 13:56:41 -0700
Processing by UsersController#index as */*
  Parameters: {"id"=>"1"}
  Rendering text template
  Rendered text template (0.1ms)
Completed 200 OK in 8ms (Views: 2.1ms | ActiveRecord: 0.0ms)


Started GET "/users?fav_food=biryani" for 127.0.0.1 at 2019-04-08 13:57:04 -0700
Processing by UsersController#index as */*
  Parameters: {"{user: {\"name\": \"Pree\", \"email\": \"preegill@yahoo.com\"}}"=>nil, "fav_food"=>"biryani"}
  Rendering text template
  Rendered text template (0.0ms)
Completed 200 OK in 2ms (Views: 0.9ms | ActiveRecord: 0.0ms)


Started GET "/users/1" for ::1 at 2019-04-08 13:57:28 -0700

AbstractController::ActionNotFound - The action 'show' could not be found for UsersController:

Started GET "/users?fav_food=biryani" for 127.0.0.1 at 2019-04-08 13:57:39 -0700
Processing by UsersController#index as HTML
  Parameters: {"fav_food"=>"biryani"}
  Rendering text template
  Rendered text template (0.0ms)
Completed 200 OK in 1ms (Views: 0.7ms | ActiveRecord: 0.0ms)


Started GET "/users?fav_food=biryani" for 127.0.0.1 at 2019-04-08 13:58:08 -0700
Processing by UsersController#index as */*
  Parameters: {"fav_food"=>"biryani"}
  Rendering text template
  Rendered text template (0.0ms)
Completed 200 OK in 1ms (Views: 0.5ms | ActiveRecord: 0.0ms)


Started POST "/users" for 127.0.0.1 at 2019-04-08 14:02:12 -0700

AbstractController::ActionNotFound - The action 'create' could not be found for UsersController:

Started POST "/users" for ::1 at 2019-04-08 14:02:12 -0700

AbstractController::ActionNotFound - The action 'create' could not be found for UsersController:

Started POST "/users" for ::1 at 2019-04-08 14:03:47 -0700
Processing by UsersController#create as */*
  Parameters: {"cat"=>"rocky"}
Completed 200 OK in 7ms (Views: 1.0ms | ActiveRecord: 0.0ms)


Started POST "/users?fav_food=biryani&fav_dog=rexi" for 127.0.0.1 at 2019-04-08 14:04:18 -0700
Processing by UsersController#create as */*
  Parameters: {"fav_food"=>"biryani", "fav_dog"=>"rexi"}
Completed 200 OK in 1ms (Views: 0.3ms | ActiveRecord: 0.0ms)


Started GET "/users/1" for ::1 at 2019-04-08 14:06:55 -0700
Processing by UsersController#show as */*
  Parameters: {"cat"=>"rocky", "id"=>"1"}
Completed 200 OK in 2ms (Views: 0.6ms | ActiveRecord: 0.0ms)


Started GET "/users/2" for ::1 at 2019-04-08 14:07:18 -0700
Processing by UsersController#show as */*
  Parameters: {"cat"=>"rocky", "id"=>"2"}
Completed 200 OK in 1ms (Views: 0.4ms | ActiveRecord: 0.0ms)


Started GET "/users/3" for ::1 at 2019-04-08 14:07:23 -0700
Processing by UsersController#show as */*
  Parameters: {"cat"=>"rocky", "id"=>"3"}
Completed 200 OK in 1ms (Views: 0.4ms | ActiveRecord: 0.0ms)


Started GET "/users/" for ::1 at 2019-04-08 14:07:41 -0700
Processing by UsersController#index as */*
  Parameters: {"cat"=>"rocky"}
  Rendering text template
  Rendered text template (0.1ms)
Completed 200 OK in 5ms (Views: 2.4ms | ActiveRecord: 0.0ms)


Started POST "/users?id=4&fav_dog=rexi" for 127.0.0.1 at 2019-04-08 14:08:12 -0700
Processing by UsersController#create as */*
  Parameters: {"id"=>"4", "fav_dog"=>"rexi"}
Completed 200 OK in 12ms (Views: 3.0ms | ActiveRecord: 0.0ms)


Started GET "/users/4" for ::1 at 2019-04-08 14:08:25 -0700
Processing by UsersController#show as */*
  Parameters: {"cat"=>"rocky", "id"=>"4"}
Completed 200 OK in 3ms (Views: 1.7ms | ActiveRecord: 0.0ms)


Started GET "/users/4" for ::1 at 2019-04-08 14:08:43 -0700
Processing by UsersController#show as HTML
  Parameters: {"id"=>"4"}
Completed 200 OK in 5ms (Views: 3.8ms | ActiveRecord: 0.0ms)


Started GET "/users/1" for ::1 at 2019-04-08 14:09:24 -0700
Processing by UsersController#show as */*
  Parameters: {"id"=>"1"}
Completed 200 OK in 2ms (Views: 0.4ms | ActiveRecord: 0.0ms)


Started GET "/users/1" for ::1 at 2019-04-08 14:10:50 -0700
Processing by UsersController#show as */*
  Parameters: {"cat"=>"rocky", "id"=>"1"}
Completed 200 OK in 2ms (Views: 1.3ms | ActiveRecord: 0.0ms)


Started GET "/users/1" for ::1 at 2019-04-08 14:11:04 -0700
Processing by UsersController#show as */*
  Parameters: {"id"=>"1"}
Completed 200 OK in 1ms (Views: 0.2ms | ActiveRecord: 0.0ms)


Started GET "/users?id=4" for 127.0.0.1 at 2019-04-08 14:11:33 -0700
Processing by UsersController#index as */*
  Parameters: {"id"=>"4"}
  Rendering text template
  Rendered text template (0.1ms)
Completed 200 OK in 21ms (Views: 12.1ms | ActiveRecord: 0.0ms)


Started GET "/users/900" for ::1 at 2019-04-08 14:14:40 -0700
Processing by UsersController#show as */*
  Parameters: {"id"=>"900"}
Completed 200 OK in 26ms (Views: 4.5ms | ActiveRecord: 0.0ms)


Started GET "/users" for ::1 at 2019-04-08 14:21:18 -0700
Processing by UsersController#index as */*
  Parameters: {"id"=>"5", "some_category"=>{"a_key"=>"'another value'", "a_second_key"=>"'yet another value'", "inner_inner_hash"=>{"key"=>"'value'"}}, "something_else"=>"'aaahhhhh'"}
  Rendering text template
  Rendered text template (0.1ms)
Completed 200 OK in 1ms (Views: 0.9ms | ActiveRecord: 0.0ms)


Started GET "/users?id=4&some_category=%7B%0A%20%20%20%20%27a_key%27:%20%27another%20value%27,%0A%20%20%20%20%27a_second_key%27:%20%27yet%20another%20value%27,%0A%20%20%20%20%27inner_inner_hash%27:%20%7B%0A%20%20%20%20%20%20%27key%27:%20%27value%27%0A%20%20%20%20%7D" for 127.0.0.1 at 2019-04-08 14:21:29 -0700
Processing by UsersController#index as */*
  Parameters: {"id"=>"4", "some_category"=>"{\n    'a_key': 'another value',\n    'a_second_key': 'yet another value',\n    'inner_inner_hash': {\n      'key': 'value'\n    }"}
  Rendering text template
  Rendered text template (0.1ms)
Completed 200 OK in 2ms (Views: 0.7ms | ActiveRecord: 0.0ms)


Started GET "/users?id=4&some_category[a_key]=another_value&something=aaaaaahhhhhh" for 127.0.0.1 at 2019-04-08 14:23:10 -0700
Processing by UsersController#index as */*
  Parameters: {"id"=>"4", "some_category"=>{"a_key"=>"another_value"}, "something"=>"aaaaaahhhhhh"}
  Rendering text template
  Rendered text template (0.1ms)
Completed 200 OK in 6ms (Views: 2.2ms | ActiveRecord: 0.0ms)


Started GET "/%27/users?some_category[a_key]=another+value&some_category[a_second_key]=yet+another+value%27" for 127.0.0.1 at 2019-04-08 14:24:29 -0700
  
ActionController::RoutingError (No route matches [GET] "/%27/users"):
  
actionpack (5.2.3) lib/action_dispatch/middleware/debug_exceptions.rb:65:in `call'
web-console (3.7.0) lib/web_console/middleware.rb:135:in `call_app'
web-console (3.7.0) lib/web_console/middleware.rb:30:in `block in call'
web-console (3.7.0) lib/web_console/middleware.rb:20:in `catch'
web-console (3.7.0) lib/web_console/middleware.rb:20:in `call'
actionpack (5.2.3) lib/action_dispatch/middleware/show_exceptions.rb:33:in `call'
railties (5.2.3) lib/rails/rack/logger.rb:38:in `call_app'
railties (5.2.3) lib/rails/rack/logger.rb:26:in `block in call'
activesupport (5.2.3) lib/active_support/tagged_logging.rb:71:in `block in tagged'
activesupport (5.2.3) lib/active_support/tagged_logging.rb:28:in `tagged'
activesupport (5.2.3) lib/active_support/tagged_logging.rb:71:in `tagged'
railties (5.2.3) lib/rails/rack/logger.rb:26:in `call'
sprockets-rails (3.2.1) lib/sprockets/rails/quiet_assets.rb:13:in `call'
actionpack (5.2.3) lib/action_dispatch/middleware/remote_ip.rb:81:in `call'
actionpack (5.2.3) lib/action_dispatch/middleware/request_id.rb:27:in `call'
rack (2.0.7) lib/rack/method_override.rb:22:in `call'
rack (2.0.7) lib/rack/runtime.rb:22:in `call'
activesupport (5.2.3) lib/active_support/cache/strategy/local_cache_middleware.rb:29:in `call'
actionpack (5.2.3) lib/action_dispatch/middleware/executor.rb:14:in `call'
actionpack (5.2.3) lib/action_dispatch/middleware/static.rb:127:in `call'
rack (2.0.7) lib/rack/sendfile.rb:111:in `call'
railties (5.2.3) lib/rails/engine.rb:524:in `call'
puma (3.12.1) lib/puma/configuration.rb:227:in `call'
puma (3.12.1) lib/puma/server.rb:660:in `handle_request'
puma (3.12.1) lib/puma/server.rb:474:in `process_client'
puma (3.12.1) lib/puma/server.rb:334:in `block in run'
puma (3.12.1) lib/puma/thread_pool.rb:135:in `block in spawn_thread'
Started GET "/users?some_category[a_key]=another+value&some_category[a_second_key]=yet+another+value" for 127.0.0.1 at 2019-04-08 14:24:43 -0700
Processing by UsersController#index as */*
  Parameters: {"some_category"=>{"a_key"=>"another value", "a_second_key"=>"yet another value"}}
  Rendering text template
  Rendered text template (0.0ms)
Completed 200 OK in 1ms (Views: 0.6ms | ActiveRecord: 0.0ms)


Started GET "/%27/users?some_category[a_key]=another+value&some_category[a_second_key]=yet+another+value%27" for 127.0.0.1 at 2019-04-08 14:24:51 -0700
  
ActionController::RoutingError (No route matches [GET] "/%27/users"):
  
actionpack (5.2.3) lib/action_dispatch/middleware/debug_exceptions.rb:65:in `call'
web-console (3.7.0) lib/web_console/middleware.rb:135:in `call_app'
web-console (3.7.0) lib/web_console/middleware.rb:30:in `block in call'
web-console (3.7.0) lib/web_console/middleware.rb:20:in `catch'
web-console (3.7.0) lib/web_console/middleware.rb:20:in `call'
actionpack (5.2.3) lib/action_dispatch/middleware/show_exceptions.rb:33:in `call'
railties (5.2.3) lib/rails/rack/logger.rb:38:in `call_app'
railties (5.2.3) lib/rails/rack/logger.rb:26:in `block in call'
activesupport (5.2.3) lib/active_support/tagged_logging.rb:71:in `block in tagged'
activesupport (5.2.3) lib/active_support/tagged_logging.rb:28:in `tagged'
activesupport (5.2.3) lib/active_support/tagged_logging.rb:71:in `tagged'
railties (5.2.3) lib/rails/rack/logger.rb:26:in `call'
sprockets-rails (3.2.1) lib/sprockets/rails/quiet_assets.rb:13:in `call'
actionpack (5.2.3) lib/action_dispatch/middleware/remote_ip.rb:81:in `call'
actionpack (5.2.3) lib/action_dispatch/middleware/request_id.rb:27:in `call'
rack (2.0.7) lib/rack/method_override.rb:22:in `call'
rack (2.0.7) lib/rack/runtime.rb:22:in `call'
activesupport (5.2.3) lib/active_support/cache/strategy/local_cache_middleware.rb:29:in `call'
actionpack (5.2.3) lib/action_dispatch/middleware/executor.rb:14:in `call'
actionpack (5.2.3) lib/action_dispatch/middleware/static.rb:127:in `call'
rack (2.0.7) lib/rack/sendfile.rb:111:in `call'
railties (5.2.3) lib/rails/engine.rb:524:in `call'
puma (3.12.1) lib/puma/configuration.rb:227:in `call'
puma (3.12.1) lib/puma/server.rb:660:in `handle_request'
puma (3.12.1) lib/puma/server.rb:474:in `process_client'
puma (3.12.1) lib/puma/server.rb:334:in `block in run'
puma (3.12.1) lib/puma/thread_pool.rb:135:in `block in spawn_thread'
Started GET "/%27/users?some_category[a_key]=another+value&some_category[a_second_key]=yet+another+value%27" for 127.0.0.1 at 2019-04-08 14:25:13 -0700
  
ActionController::RoutingError (No route matches [GET] "/%27/users"):
  
actionpack (5.2.3) lib/action_dispatch/middleware/debug_exceptions.rb:65:in `call'
web-console (3.7.0) lib/web_console/middleware.rb:135:in `call_app'
web-console (3.7.0) lib/web_console/middleware.rb:30:in `block in call'
web-console (3.7.0) lib/web_console/middleware.rb:20:in `catch'
web-console (3.7.0) lib/web_console/middleware.rb:20:in `call'
actionpack (5.2.3) lib/action_dispatch/middleware/show_exceptions.rb:33:in `call'
railties (5.2.3) lib/rails/rack/logger.rb:38:in `call_app'
railties (5.2.3) lib/rails/rack/logger.rb:26:in `block in call'
activesupport (5.2.3) lib/active_support/tagged_logging.rb:71:in `block in tagged'
activesupport (5.2.3) lib/active_support/tagged_logging.rb:28:in `tagged'
activesupport (5.2.3) lib/active_support/tagged_logging.rb:71:in `tagged'
railties (5.2.3) lib/rails/rack/logger.rb:26:in `call'
sprockets-rails (3.2.1) lib/sprockets/rails/quiet_assets.rb:13:in `call'
actionpack (5.2.3) lib/action_dispatch/middleware/remote_ip.rb:81:in `call'
actionpack (5.2.3) lib/action_dispatch/middleware/request_id.rb:27:in `call'
rack (2.0.7) lib/rack/method_override.rb:22:in `call'
rack (2.0.7) lib/rack/runtime.rb:22:in `call'
activesupport (5.2.3) lib/active_support/cache/strategy/local_cache_middleware.rb:29:in `call'
actionpack (5.2.3) lib/action_dispatch/middleware/executor.rb:14:in `call'
actionpack (5.2.3) lib/action_dispatch/middleware/static.rb:127:in `call'
rack (2.0.7) lib/rack/sendfile.rb:111:in `call'
railties (5.2.3) lib/rails/engine.rb:524:in `call'
puma (3.12.1) lib/puma/configuration.rb:227:in `call'
puma (3.12.1) lib/puma/server.rb:660:in `handle_request'
puma (3.12.1) lib/puma/server.rb:474:in `process_client'
puma (3.12.1) lib/puma/server.rb:334:in `block in run'
puma (3.12.1) lib/puma/thread_pool.rb:135:in `block in spawn_thread'
Started GET "/%27/users?some_category[a_key]=another+value&some_category[a_second_key]=yet+another+value%27" for 127.0.0.1 at 2019-04-08 14:25:57 -0700
  
ActionController::RoutingError (No route matches [GET] "/%27/users"):
  
actionpack (5.2.3) lib/action_dispatch/middleware/debug_exceptions.rb:65:in `call'
web-console (3.7.0) lib/web_console/middleware.rb:135:in `call_app'
web-console (3.7.0) lib/web_console/middleware.rb:30:in `block in call'
web-console (3.7.0) lib/web_console/middleware.rb:20:in `catch'
web-console (3.7.0) lib/web_console/middleware.rb:20:in `call'
actionpack (5.2.3) lib/action_dispatch/middleware/show_exceptions.rb:33:in `call'
railties (5.2.3) lib/rails/rack/logger.rb:38:in `call_app'
railties (5.2.3) lib/rails/rack/logger.rb:26:in `block in call'
activesupport (5.2.3) lib/active_support/tagged_logging.rb:71:in `block in tagged'
activesupport (5.2.3) lib/active_support/tagged_logging.rb:28:in `tagged'
activesupport (5.2.3) lib/active_support/tagged_logging.rb:71:in `tagged'
railties (5.2.3) lib/rails/rack/logger.rb:26:in `call'
sprockets-rails (3.2.1) lib/sprockets/rails/quiet_assets.rb:13:in `call'
actionpack (5.2.3) lib/action_dispatch/middleware/remote_ip.rb:81:in `call'
actionpack (5.2.3) lib/action_dispatch/middleware/request_id.rb:27:in `call'
rack (2.0.7) lib/rack/method_override.rb:22:in `call'
rack (2.0.7) lib/rack/runtime.rb:22:in `call'
activesupport (5.2.3) lib/active_support/cache/strategy/local_cache_middleware.rb:29:in `call'
actionpack (5.2.3) lib/action_dispatch/middleware/executor.rb:14:in `call'
actionpack (5.2.3) lib/action_dispatch/middleware/static.rb:127:in `call'
rack (2.0.7) lib/rack/sendfile.rb:111:in `call'
railties (5.2.3) lib/rails/engine.rb:524:in `call'
puma (3.12.1) lib/puma/configuration.rb:227:in `call'
puma (3.12.1) lib/puma/server.rb:660:in `handle_request'
puma (3.12.1) lib/puma/server.rb:474:in `process_client'
puma (3.12.1) lib/puma/server.rb:334:in `block in run'
puma (3.12.1) lib/puma/thread_pool.rb:135:in `block in spawn_thread'
Started GET "/users?some_category[a_key]=another+value&some_category[a_second_key]=yet+another+value" for ::1 at 2019-04-08 14:26:06 -0700
Processing by UsersController#index as */*
  Parameters: {"some_category"=>{"a_key"=>"another value", "a_second_key"=>"yet another value"}}
  Rendering text template
  Rendered text template (0.0ms)
Completed 200 OK in 8ms (Views: 6.9ms | ActiveRecord: 0.0ms)


Started GET "/users/users?some_category[a_key]=another+value&some_category[a_second_key]=yet+another+value" for ::1 at 2019-04-08 14:27:48 -0700
Processing by UsersController#show as */*
  Parameters: {"some_category"=>{"a_key"=>"another value", "a_second_key"=>"yet another value"}, "id"=>"users"}
Completed 200 OK in 20ms (Views: 3.7ms | ActiveRecord: 0.0ms)


Started GET "/users?some_category[a_key]=another+value&some_category[a_second_key]=yet+another+value" for 127.0.0.1 at 2019-04-08 14:27:52 -0700
Processing by UsersController#index as */*
  Parameters: {"some_category"=>{"a_key"=>"another value", "a_second_key"=>"yet another value"}}
  Rendering text template
  Rendered text template (0.1ms)
Completed 200 OK in 2ms (Views: 1.0ms | ActiveRecord: 0.0ms)


Started GET "/users?some_category[a_key]=another+value&some_category[a_second_key]=yet+another+value" for ::1 at 2019-04-08 14:28:11 -0700
Processing by UsersController#index as */*
  Parameters: {"some_category"=>{"a_key"=>"another value", "a_second_key"=>"yet another value"}}
  Rendering text template
  Rendered text template (0.1ms)
Completed 200 OK in 3ms (Views: 1.7ms | ActiveRecord: 0.0ms)


  [1m[35m (613.7ms)[0m  [1m[35mCREATE TABLE "schema_migrations" ("version" character varying NOT NULL PRIMARY KEY)[0m
  ↳ bin/rails:9
  [1m[35m (36.0ms)[0m  [1m[35mCREATE TABLE "ar_internal_metadata" ("key" character varying NOT NULL PRIMARY KEY, "value" character varying, "created_at" timestamp NOT NULL, "updated_at" timestamp NOT NULL)[0m
  ↳ bin/rails:9
  [1m[35m (19.4ms)[0m  [1m[34mSELECT pg_try_advisory_lock(2711202859307440470)[0m
  ↳ bin/rails:9
  [1m[35m (15.5ms)[0m  [1m[34mSELECT "schema_migrations"."version" FROM "schema_migrations" ORDER BY "schema_migrations"."version" ASC[0m
  ↳ bin/rails:9
Migrating to CreateUsers (20190408213640)
  [1m[35m (1.5ms)[0m  [1m[35mBEGIN[0m
  ↳ bin/rails:9
  [1m[35m (17.7ms)[0m  [1m[35mCREATE TABLE "users" ("id" bigserial primary key, "name" character varying NOT NULL, "email" character varying NOT NULL, "created_at" timestamp NOT NULL, "updated_at" timestamp NOT NULL)[0m
  ↳ db/migrate/20190408213640_create_users.rb:3
  [1m[36mActiveRecord::SchemaMigration Create (34.6ms)[0m  [1m[32mINSERT INTO "schema_migrations" ("version") VALUES ($1) RETURNING "version"[0m  [["version", "20190408213640"]]
  ↳ bin/rails:9
  [1m[35m (14.4ms)[0m  [1m[35mCOMMIT[0m
  ↳ bin/rails:9
  [1m[36mActiveRecord::InternalMetadata Load (1.0ms)[0m  [1m[34mSELECT  "ar_internal_metadata".* FROM "ar_internal_metadata" WHERE "ar_internal_metadata"."key" = $1 LIMIT $2[0m  [["key", "environment"], ["LIMIT", 1]]
  ↳ bin/rails:9
  [1m[35m (0.3ms)[0m  [1m[35mBEGIN[0m
  ↳ bin/rails:9
  [1m[36mActiveRecord::InternalMetadata Create (1.9ms)[0m  [1m[32mINSERT INTO "ar_internal_metadata" ("key", "value", "created_at", "updated_at") VALUES ($1, $2, $3, $4) RETURNING "key"[0m  [["key", "environment"], ["value", "development"], ["created_at", "2019-04-08 21:40:20.751844"], ["updated_at", "2019-04-08 21:40:20.751844"]]
  ↳ bin/rails:9
  [1m[35m (1.9ms)[0m  [1m[35mCOMMIT[0m
  ↳ bin/rails:9
  [1m[35m (0.4ms)[0m  [1m[34mSELECT pg_advisory_unlock(2711202859307440470)[0m
  ↳ bin/rails:9
  [1m[35m (0.5ms)[0m  [1m[34mSELECT "schema_migrations"."version" FROM "schema_migrations" ORDER BY "schema_migrations"."version" ASC[0m
  ↳ bin/rails:9
  [1m[35m (2.2ms)[0m  [1m[34mSELECT "schema_migrations"."version" FROM "schema_migrations" ORDER BY "schema_migrations"."version" ASC[0m
  ↳ /Users/gordycooper/.rbenv/versions/2.5.1/bin/annotate:23
  [1m[35m (0.3ms)[0m  [1m[35mBEGIN[0m
  [1m[36mUser Create (11.7ms)[0m  [1m[32mINSERT INTO "users" ("name", "email", "created_at", "updated_at") VALUES ($1, $2, $3, $4) RETURNING "id"[0m  [["name", "Rexi"], ["email", "rexi@pup.com"], ["created_at", "2019-04-08 21:44:24.420246"], ["updated_at", "2019-04-08 21:44:24.420246"]]
  [1m[35m (25.6ms)[0m  [1m[35mCOMMIT[0m
  [1m[35m (0.2ms)[0m  [1m[35mBEGIN[0m
  [1m[36mUser Create (0.8ms)[0m  [1m[32mINSERT INTO "users" ("name", "email", "created_at", "updated_at") VALUES ($1, $2, $3, $4) RETURNING "id"[0m  [["name", "Susi"], ["email", "susi@pup.com"], ["created_at", "2019-04-08 21:45:06.583026"], ["updated_at", "2019-04-08 21:45:06.583026"]]
  [1m[35m (0.5ms)[0m  [1m[35mCOMMIT[0m
  [1m[36mUser Load (12.9ms)[0m  [1m[34mSELECT "users".* FROM "users"[0m
Started GET "/users" for 127.0.0.1 at 2019-04-08 15:06:21 -0700
  [1m[35m (20.0ms)[0m  [1m[34mSELECT "schema_migrations"."version" FROM "schema_migrations" ORDER BY "schema_migrations"."version" ASC[0m
  ↳ /Users/gordycooper/.rbenv/versions/2.5.1/lib/ruby/gems/2.5.0/gems/activerecord-5.2.3/lib/active_record/log_subscriber.rb:98
Processing by UsersController#index as HTML
  [1m[36mUser Load (2.6ms)[0m  [1m[34mSELECT "users".* FROM "users"[0m
  ↳ app/controllers/users_controller.rb:4
Completed 200 OK in 410ms (Views: 146.9ms | ActiveRecord: 34.1ms)


Started GET "/users/" for ::1 at 2019-04-08 15:06:26 -0700
Processing by UsersController#index as */*
  [1m[36mUser Load (0.6ms)[0m  [1m[34mSELECT "users".* FROM "users"[0m
  ↳ app/controllers/users_controller.rb:4
Completed 200 OK in 6ms (Views: 5.0ms | ActiveRecord: 0.6ms)


Started GET "/users" for ::1 at 2019-04-08 15:06:41 -0700
Processing by UsersController#index as HTML
  [1m[36mUser Load (0.6ms)[0m  [1m[34mSELECT "users".* FROM "users"[0m
  ↳ app/controllers/users_controller.rb:4
Completed 200 OK in 4ms (Views: 2.2ms | ActiveRecord: 0.6ms)


Started GET "/users" for 127.0.0.1 at 2019-04-08 15:07:19 -0700
Processing by UsersController#index as */*
  [1m[36mUser Load (0.7ms)[0m  [1m[34mSELECT "users".* FROM "users"[0m
  ↳ app/controllers/users_controller.rb:4
Completed 200 OK in 7ms (Views: 3.7ms | ActiveRecord: 0.7ms)


Started POST "/users?user[name]%0A=Rocky&user[email]=rocky@kitty.com" for 127.0.0.1 at 2019-04-08 15:13:02 -0700
Processing by UsersController#create as */*
  Parameters: {"user"=>{"name"=>{"\n"=>"Rocky"}, "email"=>"rocky@kitty.com"}}
Unpermitted parameter: :name
  [1m[35m (0.3ms)[0m  [1m[35mBEGIN[0m
  ↳ app/controllers/users_controller.rb:9
  [1m[35m (0.9ms)[0m  [1m[31mROLLBACK[0m
  ↳ app/controllers/users_controller.rb:9
Completed 422 Unprocessable Entity in 341ms (ActiveRecord: 22.8ms)



ActiveRecord::RecordInvalid - Validation failed: Name can't be blank:
  app/controllers/users_controller.rb:9:in `create'

Started POST "/users?user[params][name]%0A=Rocky&user[params][email]=rocky@kitty.com" for 127.0.0.1 at 2019-04-08 15:13:49 -0700
Processing by UsersController#create as */*
  Parameters: {"user"=>{"params"=>{"name"=>{"\n"=>"Rocky"}, "email"=>"rocky@kitty.com"}}}
Unpermitted parameter: :params
  [1m[35m (0.3ms)[0m  [1m[35mBEGIN[0m
  ↳ app/controllers/users_controller.rb:9
  [1m[35m (0.3ms)[0m  [1m[31mROLLBACK[0m
  ↳ app/controllers/users_controller.rb:9
Completed 422 Unprocessable Entity in 5ms (ActiveRecord: 0.6ms)



ActiveRecord::RecordInvalid - Validation failed: Name can't be blank, Email can't be blank:
  app/controllers/users_controller.rb:9:in `create'

Started POST "/users?user[params][name]%0A=Rocky&user[email]=rocky@kitty.com" for 127.0.0.1 at 2019-04-08 15:14:03 -0700
Processing by UsersController#create as */*
  Parameters: {"user"=>{"params"=>{"name"=>{"\n"=>"Rocky"}}, "email"=>"rocky@kitty.com"}}
Unpermitted parameter: :params
  [1m[35m (0.2ms)[0m  [1m[35mBEGIN[0m
  ↳ app/controllers/users_controller.rb:9
  [1m[35m (0.2ms)[0m  [1m[31mROLLBACK[0m
  ↳ app/controllers/users_controller.rb:9
Completed 422 Unprocessable Entity in 3ms (ActiveRecord: 0.4ms)



ActiveRecord::RecordInvalid - Validation failed: Name can't be blank:
  app/controllers/users_controller.rb:9:in `create'

Started POST "/users?user[params[name]]%0A=Rocky&user[email]=rocky@kitty.com" for 127.0.0.1 at 2019-04-08 15:14:19 -0700
Processing by UsersController#create as */*
  Parameters: {"user"=>{"params"=>{"name"=>{"\n"=>"Rocky"}}, "email"=>"rocky@kitty.com"}}
Unpermitted parameter: :params
  [1m[35m (0.3ms)[0m  [1m[35mBEGIN[0m
  ↳ app/controllers/users_controller.rb:9
  [1m[35m (0.2ms)[0m  [1m[31mROLLBACK[0m
  ↳ app/controllers/users_controller.rb:9
Completed 422 Unprocessable Entity in 5ms (ActiveRecord: 0.5ms)



ActiveRecord::RecordInvalid - Validation failed: Name can't be blank:
  app/controllers/users_controller.rb:9:in `create'

Started POST "/users?params[user][name]%0A=Rocky&user[email]=rocky@kitty.com" for 127.0.0.1 at 2019-04-08 15:15:02 -0700
Processing by UsersController#create as */*
  Parameters: {"params"=>{"user"=>{"name"=>{"\n"=>"Rocky"}}}, "user"=>{"email"=>"rocky@kitty.com"}}
  [1m[35m (0.2ms)[0m  [1m[35mBEGIN[0m
  ↳ app/controllers/users_controller.rb:9
  [1m[35m (0.2ms)[0m  [1m[31mROLLBACK[0m
  ↳ app/controllers/users_controller.rb:9
Completed 422 Unprocessable Entity in 5ms (ActiveRecord: 0.5ms)



ActiveRecord::RecordInvalid - Validation failed: Name can't be blank:
  app/controllers/users_controller.rb:9:in `create'

Started POST "/users?params[user[name]]%0A=Rocky&user[email]=rocky@kitty.com" for 127.0.0.1 at 2019-04-08 15:15:11 -0700
Processing by UsersController#create as */*
  Parameters: {"params"=>{"user"=>{"name"=>{"\n"=>"Rocky"}}}, "user"=>{"email"=>"rocky@kitty.com"}}
  [1m[35m (0.9ms)[0m  [1m[35mBEGIN[0m
  ↳ app/controllers/users_controller.rb:9
  [1m[35m (0.3ms)[0m  [1m[31mROLLBACK[0m
  ↳ app/controllers/users_controller.rb:9
Completed 422 Unprocessable Entity in 6ms (ActiveRecord: 1.1ms)



ActiveRecord::RecordInvalid - Validation failed: Name can't be blank:
  app/controllers/users_controller.rb:9:in `create'

Started POST "/users?params[user][name]%0A=Rocky&user[email]=rocky@kitty.com" for 127.0.0.1 at 2019-04-08 15:16:20 -0700
Processing by UsersController#create as */*
  Parameters: {"params"=>{"user"=>{"name"=>{"\n"=>"Rocky"}}}, "user"=>{"email"=>"rocky@kitty.com"}}
  [1m[35m (0.5ms)[0m  [1m[35mBEGIN[0m
  ↳ app/controllers/users_controller.rb:9
  [1m[35m (0.2ms)[0m  [1m[31mROLLBACK[0m
  ↳ app/controllers/users_controller.rb:9
Completed 422 Unprocessable Entity in 7ms (ActiveRecord: 0.7ms)



ActiveRecord::RecordInvalid - Validation failed: Name can't be blank:
  app/controllers/users_controller.rb:9:in `create'

Started POST "/users?params[user][name]%0A=Rocky&params[user][email]=rocky@kitty.com" for 127.0.0.1 at 2019-04-08 15:16:33 -0700
Processing by UsersController#create as */*
  Parameters: {"params"=>{"user"=>{"name"=>{"\n"=>"Rocky"}, "email"=>"rocky@kitty.com"}}}
Completed 400 Bad Request in 2ms (ActiveRecord: 0.0ms)



ActionController::ParameterMissing - param is missing or the value is empty: user:
  app/controllers/users_controller.rb:8:in `create'

Started POST "/users?user[params][name]%0A=Rocky&user[params][email]=rocky@kitty.com" for 127.0.0.1 at 2019-04-08 15:17:06 -0700
Processing by UsersController#create as */*
  Parameters: {"user"=>{"params"=>{"name"=>{"\n"=>"Rocky"}, "email"=>"rocky@kitty.com"}}}
Unpermitted parameter: :params
  [1m[35m (0.6ms)[0m  [1m[35mBEGIN[0m
  ↳ app/controllers/users_controller.rb:9
  [1m[35m (0.3ms)[0m  [1m[31mROLLBACK[0m
  ↳ app/controllers/users_controller.rb:9
Completed 422 Unprocessable Entity in 7ms (ActiveRecord: 0.9ms)



ActiveRecord::RecordInvalid - Validation failed: Name can't be blank, Email can't be blank:
  app/controllers/users_controller.rb:9:in `create'

Started POST "/users?user[params][name]%0A=%27Rocky%27&user[params][email]=%27rocky@kitty.com%27" for 127.0.0.1 at 2019-04-08 15:17:36 -0700
Processing by UsersController#create as */*
  Parameters: {"user"=>{"params"=>{"name"=>{"\n"=>"'Rocky'"}, "email"=>"'rocky@kitty.com'"}}}
Unpermitted parameter: :params
  [1m[35m (1.0ms)[0m  [1m[35mBEGIN[0m
  ↳ app/controllers/users_controller.rb:9
  [1m[35m (0.3ms)[0m  [1m[31mROLLBACK[0m
  ↳ app/controllers/users_controller.rb:9
Completed 422 Unprocessable Entity in 7ms (ActiveRecord: 1.3ms)



ActiveRecord::RecordInvalid - Validation failed: Name can't be blank, Email can't be blank:
  app/controllers/users_controller.rb:9:in `create'

Started POST "/users?params[name]%0A=Rocky&user[params][email]=rocky@kitty.com" for 127.0.0.1 at 2019-04-08 15:19:06 -0700
Processing by UsersController#create as */*
  Parameters: {"params"=>{"name"=>{"\n"=>"Rocky"}}, "user"=>{"params"=>{"email"=>"rocky@kitty.com"}}}
Unpermitted parameter: :params
  [1m[35m (0.2ms)[0m  [1m[35mBEGIN[0m
  ↳ app/controllers/users_controller.rb:9
  [1m[35m (0.5ms)[0m  [1m[31mROLLBACK[0m
  ↳ app/controllers/users_controller.rb:9
Completed 422 Unprocessable Entity in 7ms (ActiveRecord: 0.7ms)



ActiveRecord::RecordInvalid - Validation failed: Name can't be blank, Email can't be blank:
  app/controllers/users_controller.rb:9:in `create'

Started POST "/users?user[name]%0A=Rocky&user[email]=rocky@kitty.com" for 127.0.0.1 at 2019-04-08 15:22:51 -0700
Processing by UsersController#create as */*
  Parameters: {"user"=>{"name"=>{"\n"=>"Rocky"}, "email"=>"rocky@kitty.com"}}
Unpermitted parameter: :name
  [1m[35m (0.5ms)[0m  [1m[35mBEGIN[0m
  ↳ app/controllers/users_controller.rb:9
  [1m[35m (0.3ms)[0m  [1m[31mROLLBACK[0m
  ↳ app/controllers/users_controller.rb:9
Completed 422 Unprocessable Entity in 28ms (ActiveRecord: 0.8ms)



ActiveRecord::RecordInvalid - Validation failed: Name can't be blank:
  app/controllers/users_controller.rb:9:in `create'

Started POST "/users?user[:name]%0A=Rocky&user[email]=rocky@kitty.com" for 127.0.0.1 at 2019-04-08 15:22:59 -0700
Processing by UsersController#create as */*
  Parameters: {"user"=>{":name"=>{"\n"=>"Rocky"}, "email"=>"rocky@kitty.com"}}
Unpermitted parameter: ::name
  [1m[35m (0.3ms)[0m  [1m[35mBEGIN[0m
  ↳ app/controllers/users_controller.rb:9
  [1m[35m (0.3ms)[0m  [1m[31mROLLBACK[0m
  ↳ app/controllers/users_controller.rb:9
Completed 422 Unprocessable Entity in 7ms (ActiveRecord: 0.6ms)



ActiveRecord::RecordInvalid - Validation failed: Name can't be blank:
  app/controllers/users_controller.rb:9:in `create'

Started POST "/users?user[name]%0A=Rocky&user[email]=rocky@kitty.com" for 127.0.0.1 at 2019-04-08 15:24:32 -0700
Processing by UsersController#create as */*
  Parameters: {"user"=>{"name"=>{"\n"=>"Rocky"}, "email"=>"rocky@kitty.com"}}
Unpermitted parameter: :name
  [1m[35m (0.3ms)[0m  [1m[35mBEGIN[0m
  ↳ app/controllers/users_controller.rb:9
  [1m[35m (0.7ms)[0m  [1m[31mROLLBACK[0m
  ↳ app/controllers/users_controller.rb:9
Completed 422 Unprocessable Entity in 7ms (ActiveRecord: 1.0ms)



ActiveRecord::RecordInvalid - Validation failed: Name can't be blank:
  app/controllers/users_controller.rb:9:in `create'

Started POST "/users" for 127.0.0.1 at 2019-04-08 15:25:10 -0700
Processing by UsersController#create as */*
  Parameters: {"user"=>{"name"=>"Rocky", "email"=>"rocky@kitty.com"}}
  [1m[35m (0.2ms)[0m  [1m[35mBEGIN[0m
  ↳ app/controllers/users_controller.rb:9
  [1m[36mUser Create (2.3ms)[0m  [1m[32mINSERT INTO "users" ("name", "email", "created_at", "updated_at") VALUES ($1, $2, $3, $4) RETURNING "id"[0m  [["name", "Rocky"], ["email", "rocky@kitty.com"], ["created_at", "2019-04-08 22:25:10.187856"], ["updated_at", "2019-04-08 22:25:10.187856"]]
  ↳ app/controllers/users_controller.rb:9
  [1m[35m (21.5ms)[0m  [1m[35mCOMMIT[0m
  ↳ app/controllers/users_controller.rb:9
Completed 200 OK in 34ms (Views: 2.1ms | ActiveRecord: 24.0ms)


Started POST "/users/" for ::1 at 2019-04-08 15:28:24 -0700
Processing by UsersController#create as */*
  Parameters: {"users"=>{"name"=>"Book", "email"=>"book@kitty.com"}}
Completed 400 Bad Request in 2ms (ActiveRecord: 0.0ms)



ActionController::ParameterMissing - param is missing or the value is empty: user:
  app/controllers/users_controller.rb:8:in `create'

Started POST "/users/" for ::1 at 2019-04-08 15:29:06 -0700
Processing by UsersController#create as */*
  Parameters: {"user"=>{"name"=>"Book", "email"=>""}}
  [1m[35m (0.8ms)[0m  [1m[35mBEGIN[0m
  ↳ app/controllers/users_controller.rb:9
  [1m[35m (0.6ms)[0m  [1m[31mROLLBACK[0m
  ↳ app/controllers/users_controller.rb:9
Completed 422 Unprocessable Entity in 11ms (ActiveRecord: 1.5ms)



ActiveRecord::RecordInvalid - Validation failed: Email can't be blank:
  app/controllers/users_controller.rb:9:in `create'

Started POST "/users/" for ::1 at 2019-04-08 15:40:26 -0700
Processing by UsersController#create as */*
  Parameters: {"user"=>{"name"=>"Book", "email"=>""}}
  [1m[35m (0.2ms)[0m  [1m[35mBEGIN[0m
  ↳ app/controllers/users_controller.rb:9
  [1m[35m (0.7ms)[0m  [1m[31mROLLBACK[0m
  ↳ app/controllers/users_controller.rb:9
Completed 422 Unprocessable Entity in 92ms (Views: 0.8ms | ActiveRecord: 41.5ms)


Started POST "/users/" for ::1 at 2019-04-08 15:42:28 -0700
Processing by UsersController#create as */*
  Parameters: {"user"=>{"name"=>"Book", "email"=>""}}
  [1m[35m (0.3ms)[0m  [1m[35mBEGIN[0m
  ↳ app/controllers/users_controller.rb:9
  [1m[35m (0.3ms)[0m  [1m[31mROLLBACK[0m
  ↳ app/controllers/users_controller.rb:9
Completed 404 Not Found in 89ms (Views: 0.3ms | ActiveRecord: 13.5ms)


Started POST "/users/" for ::1 at 2019-04-08 15:43:21 -0700
Processing by UsersController#create as */*
  Parameters: {"user"=>{"name"=>"Book", "email"=>""}}
  [1m[35m (0.4ms)[0m  [1m[35mBEGIN[0m
  ↳ app/controllers/users_controller.rb:9
  [1m[35m (0.4ms)[0m  [1m[31mROLLBACK[0m
  ↳ app/controllers/users_controller.rb:9
Completed 410 Gone in 182ms (Views: 0.4ms | ActiveRecord: 17.8ms)


Started POST "/users/" for ::1 at 2019-04-08 15:44:32 -0700
Processing by UsersController#create as */*
  Parameters: {"user"=>{"name"=>"Book", "email"=>""}}
  [1m[35m (0.8ms)[0m  [1m[35mBEGIN[0m
  ↳ app/controllers/users_controller.rb:9
  [1m[35m (0.4ms)[0m  [1m[31mROLLBACK[0m
  ↳ app/controllers/users_controller.rb:9
Completed 410 Gone in 19988ms (Views: 0.5ms | ActiveRecord: 41.8ms)


Started POST "/users/" for ::1 at 2019-04-08 15:45:16 -0700
Processing by UsersController#create as */*
  Parameters: {"user"=>{"name"=>"Book", "email"=>"book@kitty.com"}}
  [1m[35m (0.3ms)[0m  [1m[35mBEGIN[0m
  ↳ app/controllers/users_controller.rb:9
  [1m[36mUser Create (2.1ms)[0m  [1m[32mINSERT INTO "users" ("name", "email", "created_at", "updated_at") VALUES ($1, $2, $3, $4) RETURNING "id"[0m  [["name", "Book"], ["email", "book@kitty.com"], ["created_at", "2019-04-08 22:45:17.073379"], ["updated_at", "2019-04-08 22:45:17.073379"]]
  ↳ app/controllers/users_controller.rb:9
  [1m[35m (46.3ms)[0m  [1m[35mCOMMIT[0m
  ↳ app/controllers/users_controller.rb:9
Completed 200 OK in 102ms (Views: 1.6ms | ActiveRecord: 59.0ms)


Started POST "/users/" for ::1 at 2019-04-08 15:45:36 -0700
Processing by UsersController#create as */*
  Parameters: {"user"=>{"name"=>"Cheeto", "email"=>"cheeto@kitty.com"}}
  [1m[35m (0.3ms)[0m  [1m[35mBEGIN[0m
  ↳ app/controllers/users_controller.rb:9
  [1m[36mUser Create (0.6ms)[0m  [1m[32mINSERT INTO "users" ("name", "email", "created_at", "updated_at") VALUES ($1, $2, $3, $4) RETURNING "id"[0m  [["name", "Cheeto"], ["email", "cheeto@kitty.com"], ["created_at", "2019-04-08 22:45:36.311095"], ["updated_at", "2019-04-08 22:45:36.311095"]]
  ↳ app/controllers/users_controller.rb:9
  [1m[35m (1.1ms)[0m  [1m[35mCOMMIT[0m
  ↳ app/controllers/users_controller.rb:9
Completed 200 OK in 6ms (Views: 0.4ms | ActiveRecord: 1.9ms)


Started GET "/users/2" for 127.0.0.1 at 2019-04-08 15:47:59 -0700
Processing by UsersController#show as */*
  Parameters: {"id"=>"2"}
  [1m[36mUser Load (12.3ms)[0m  [1m[34mSELECT  "users".* FROM "users" WHERE "users"."id" = $1 LIMIT $2[0m  [["id", 2], ["LIMIT", 1]]
  ↳ app/controllers/users_controller.rb:17
Completed 200 OK in 289ms (Views: 1.5ms | ActiveRecord: 39.2ms)


Started GET "/users/20" for 127.0.0.1 at 2019-04-08 15:48:57 -0700
Processing by UsersController#show as */*
  Parameters: {"id"=>"20"}
  [1m[36mUser Load (2.6ms)[0m  [1m[34mSELECT  "users".* FROM "users" WHERE "users"."id" = $1 LIMIT $2[0m  [["id", 20], ["LIMIT", 1]]
  ↳ app/controllers/users_controller.rb:17
Completed 404 Not Found in 6ms (ActiveRecord: 2.6ms)



ActiveRecord::RecordNotFound - Couldn't find User with 'id'=20:
  app/controllers/users_controller.rb:17:in `show'

Started GET "/users/20" for 127.0.0.1 at 2019-04-08 15:52:51 -0700
Processing by UsersController#show as */*
  Parameters: {"id"=>"20"}
  [1m[36mUser Load (0.5ms)[0m  [1m[34mSELECT  "users".* FROM "users" WHERE "users"."id" = $1 LIMIT $2[0m  [["id", 20], ["LIMIT", 1]]
  ↳ app/controllers/users_controller.rb:17
Completed 404 Not Found in 51ms (ActiveRecord: 19.3ms)



ActiveRecord::RecordNotFound - Couldn't find User with 'id'=20:
  app/controllers/users_controller.rb:17:in `show'

Started GET "/users/20" for 127.0.0.1 at 2019-04-08 15:53:39 -0700
Processing by UsersController#show as */*
  Parameters: {"id"=>"20"}
  [1m[36mUser Load (0.5ms)[0m  [1m[34mSELECT  "users".* FROM "users" WHERE "users"."id" = $1 LIMIT $2[0m  [["id", 20], ["LIMIT", 1]]
  ↳ app/controllers/users_controller.rb:17
Completed 404 Not Found in 39ms (ActiveRecord: 11.8ms)



ActiveRecord::RecordNotFound - Couldn't find User with 'id'=20:
  app/controllers/users_controller.rb:17:in `show'

Started GET "/users/20" for 127.0.0.1 at 2019-04-08 15:54:02 -0700
Processing by UsersController#show as */*
  Parameters: {"id"=>"20"}
  [1m[36mUser Load (0.8ms)[0m  [1m[34mSELECT  "users".* FROM "users" WHERE "users"."id" = $1 LIMIT $2[0m  [["id", 20], ["LIMIT", 1]]
  ↳ app/controllers/users_controller.rb:17
Completed 404 Not Found in 4ms (ActiveRecord: 0.8ms)



ActiveRecord::RecordNotFound - Couldn't find User with 'id'=20:
  app/controllers/users_controller.rb:17:in `show'

Started GET "/users/20" for 127.0.0.1 at 2019-04-08 15:54:10 -0700
Processing by UsersController#show as */*
  Parameters: {"id"=>"20"}
  [1m[36mUser Load (0.8ms)[0m  [1m[34mSELECT  "users".* FROM "users" WHERE "users"."id" = $1 LIMIT $2[0m  [["id", 20], ["LIMIT", 1]]
  ↳ app/controllers/users_controller.rb:17
Completed 404 Not Found in 4ms (ActiveRecord: 0.8ms)



ActiveRecord::RecordNotFound - Couldn't find User with 'id'=20:
  app/controllers/users_controller.rb:17:in `show'

Started GET "/users/20" for 127.0.0.1 at 2019-04-08 15:54:26 -0700
Processing by UsersController#show as */*
  Parameters: {"id"=>"20"}
  [1m[36mUser Load (0.5ms)[0m  [1m[34mSELECT  "users".* FROM "users" WHERE "users"."id" = $1 LIMIT $2[0m  [["id", 20], ["LIMIT", 1]]
  ↳ app/controllers/users_controller.rb:17
Completed 404 Not Found in 3ms (ActiveRecord: 0.5ms)



ActiveRecord::RecordNotFound - Couldn't find User with 'id'=20:
  app/controllers/users_controller.rb:17:in `show'

Started GET "/users/20" for 127.0.0.1 at 2019-04-08 15:55:29 -0700
Processing by UsersController#show as */*
  Parameters: {"id"=>"20"}
Started GET "/users/20" for 127.0.0.1 at 2019-04-08 15:56:13 -0700
  [1m[35m (20.8ms)[0m  [1m[34mSELECT "schema_migrations"."version" FROM "schema_migrations" ORDER BY "schema_migrations"."version" ASC[0m
  ↳ /Users/gordycooper/.rbenv/versions/2.5.1/lib/ruby/gems/2.5.0/gems/activerecord-5.2.3/lib/active_record/log_subscriber.rb:98
Processing by UsersController#show as */*
  Parameters: {"id"=>"20"}
  [1m[36mUser Load (0.7ms)[0m  [1m[34mSELECT  "users".* FROM "users" WHERE "users"."id" = $1 LIMIT $2[0m  [["id", 20], ["LIMIT", 1]]
  ↳ (byebug):1
Started GET "/users/20" for 127.0.0.1 at 2019-04-08 16:08:46 -0700
Started PATCH "/users/20" for 127.0.0.1 at 2019-04-08 16:08:46 -0700
Started GET "/users/20" for 127.0.0.1 at 2019-04-08 16:09:13 -0700
  [1m[35m (1.8ms)[0m  [1m[34mSELECT "schema_migrations"."version" FROM "schema_migrations" ORDER BY "schema_migrations"."version" ASC[0m
  ↳ /Users/gordycooper/.rbenv/versions/2.5.1/lib/ruby/gems/2.5.0/gems/activerecord-5.2.3/lib/active_record/log_subscriber.rb:98
Processing by UsersController#show as HTML
  Parameters: {"id"=>"20"}
  [1m[36mUser Load (0.9ms)[0m  [1m[34mSELECT  "users".* FROM "users" WHERE "users"."id" = $1 LIMIT $2[0m  [["id", 20], ["LIMIT", 1]]
  ↳ app/controllers/users_controller.rb:17
Completed 404 Not Found in 60ms (ActiveRecord: 11.1ms)



ActiveRecord::RecordNotFound - Couldn't find User with 'id'=20:
  app/controllers/users_controller.rb:17:in `show'

Started POST "/__better_errors/6cca80613414ff5c/variables" for 127.0.0.1 at 2019-04-08 16:09:13 -0700
Started PATCH "/users/20" for 127.0.0.1 at 2019-04-08 16:09:19 -0700
Processing by UsersController#update as */*
  Parameters: {"id"=>"20"}
  [1m[36mUser Load (0.8ms)[0m  [1m[34mSELECT  "users".* FROM "users" WHERE "users"."id" = $1 LIMIT $2[0m  [["id", 20], ["LIMIT", 1]]
  ↳ app/controllers/users_controller.rb:22
Completed 404 Not Found in 4ms (ActiveRecord: 0.8ms)



ActiveRecord::RecordNotFound - Couldn't find User with 'id'=20:
  app/controllers/users_controller.rb:22:in `update'

Started PATCH "/users/20" for 127.0.0.1 at 2019-04-08 16:13:27 -0700
Processing by UsersController#update as */*
  Parameters: {"id"=>"20"}
  [1m[36mUser Load (0.5ms)[0m  [1m[34mSELECT  "users".* FROM "users" WHERE "users"."id" = $1 LIMIT $2[0m  [["id", 20], ["LIMIT", 1]]
  ↳ app/controllers/users_controller.rb:22
Completed 404 Not Found in 43ms (ActiveRecord: 11.2ms)



ActiveRecord::RecordNotFound - Couldn't find User with 'id'=20:
  app/controllers/users_controller.rb:22:in `update'

Started PATCH "/users/20" for 127.0.0.1 at 2019-04-08 16:14:28 -0700
Processing by UsersController#update as */*
  Parameters: {"id"=>"20"}
  [1m[36mUser Load (0.3ms)[0m  [1m[34mSELECT  "users".* FROM "users" WHERE "users"."id" = $1 LIMIT $2[0m  [["id", 20], ["LIMIT", 1]]
  ↳ app/controllers/users_controller.rb:22
Completed 404 Not Found in 58ms (ActiveRecord: 7.5ms)



ActiveRecord::RecordNotFound - Couldn't find User with 'id'=20:
  app/controllers/users_controller.rb:22:in `update'

Started PUT "/users/20" for 127.0.0.1 at 2019-04-08 16:14:42 -0700
Processing by UsersController#update as */*
  Parameters: {"id"=>"20"}
  [1m[36mUser Load (1.8ms)[0m  [1m[34mSELECT  "users".* FROM "users" WHERE "users"."id" = $1 LIMIT $2[0m  [["id", 20], ["LIMIT", 1]]
  ↳ app/controllers/users_controller.rb:22
Completed 404 Not Found in 5ms (ActiveRecord: 1.8ms)



ActiveRecord::RecordNotFound - Couldn't find User with 'id'=20:
  app/controllers/users_controller.rb:22:in `update'

Started PUT "/users/20" for 127.0.0.1 at 2019-04-08 16:16:28 -0700
Processing by UsersController#update as */*
  Parameters: {"id"=>"20"}
  [1m[36mUser Load (0.4ms)[0m  [1m[34mSELECT  "users".* FROM "users" WHERE "users"."id" = $1 LIMIT $2[0m  [["id", 20], ["LIMIT", 1]]
  ↳ app/controllers/users_controller.rb:22
Completed 400 Bad Request in 43ms (ActiveRecord: 3.6ms)



ActionController::ParameterMissing - param is missing or the value is empty: user:
  app/controllers/users_controller.rb:32:in `user_params'
  app/controllers/users_controller.rb:23:in `update'

Started PUT "/users/20" for 127.0.0.1 at 2019-04-08 16:17:31 -0700
Processing by UsersController#update as */*
  Parameters: {"id"=>"20"}
  [1m[36mUser Load (0.2ms)[0m  [1m[34mSELECT  "users".* FROM "users" WHERE "users"."id" = $1 LIMIT $2[0m  [["id", 20], ["LIMIT", 1]]
  ↳ app/controllers/users_controller.rb:22
Completed 400 Bad Request in 23ms (ActiveRecord: 3.2ms)



ActionController::ParameterMissing - param is missing or the value is empty: user:
  app/controllers/users_controller.rb:32:in `user_params'
  app/controllers/users_controller.rb:23:in `update'

Started PUT "/users/20?=" for 127.0.0.1 at 2019-04-08 16:18:40 -0700
Processing by UsersController#update as */*
  Parameters: {"user"=>{"id"=>"20"}, "id"=>"20"}
  [1m[36mUser Load (0.6ms)[0m  [1m[34mSELECT  "users".* FROM "users" WHERE "users"."id" = $1 LIMIT $2[0m  [["id", 20], ["LIMIT", 1]]
  ↳ app/controllers/users_controller.rb:22
Unpermitted parameter: :id
Completed 500 Internal Server Error in 7ms (ActiveRecord: 0.6ms)



NoMethodError - undefined method `update' for nil:NilClass:
  app/controllers/users_controller.rb:23:in `update'

Started PUT "/users/20?=" for 127.0.0.1 at 2019-04-08 16:19:27 -0700
Processing by UsersController#update as */*
  Parameters: {"user"=>{"name"=>"jane", "email"=>"jane@jane.com"}, "text/plain"=>[""], "id"=>"20"}
  [1m[36mUser Load (0.4ms)[0m  [1m[34mSELECT  "users".* FROM "users" WHERE "users"."id" = $1 LIMIT $2[0m  [["id", 20], ["LIMIT", 1]]
  ↳ app/controllers/users_controller.rb:22
Completed 500 Internal Server Error in 4ms (ActiveRecord: 0.4ms)



NoMethodError - undefined method `update' for nil:NilClass:
  app/controllers/users_controller.rb:23:in `update'

Started PUT "/users/20?=" for 127.0.0.1 at 2019-04-08 16:19:33 -0700
Processing by UsersController#update as */*
  Parameters: {"user"=>{"name"=>"jane", "email"=>"jane@jane.com"}, "id"=>"20"}
  [1m[36mUser Load (0.3ms)[0m  [1m[34mSELECT  "users".* FROM "users" WHERE "users"."id" = $1 LIMIT $2[0m  [["id", 20], ["LIMIT", 1]]
  ↳ app/controllers/users_controller.rb:22
Completed 500 Internal Server Error in 3ms (ActiveRecord: 0.3ms)



NoMethodError - undefined method `update' for nil:NilClass:
  app/controllers/users_controller.rb:23:in `update'

Started PUT "/users/20?=" for 127.0.0.1 at 2019-04-08 16:19:37 -0700
Processing by UsersController#update as */*
  Parameters: {"user"=>{"name"=>"jane", "email"=>"jane@jane.com"}, "id"=>"20"}
  [1m[36mUser Load (0.6ms)[0m  [1m[34mSELECT  "users".* FROM "users" WHERE "users"."id" = $1 LIMIT $2[0m  [["id", 20], ["LIMIT", 1]]
  ↳ app/controllers/users_controller.rb:22
Completed 500 Internal Server Error in 4ms (ActiveRecord: 0.6ms)



NoMethodError - undefined method `update' for nil:NilClass:
  app/controllers/users_controller.rb:23:in `update'

Started PUT "/users/20?=" for 127.0.0.1 at 2019-04-08 16:20:37 -0700
Processing by UsersController#update as */*
  Parameters: {"user"=>{"name"=>"jane", "email"=>"jane@jane.com"}, "id"=>"20"}
  [1m[36mUser Load (0.5ms)[0m  [1m[34mSELECT  "users".* FROM "users" WHERE "users"."id" = $1 LIMIT $2[0m  [["id", 20], ["LIMIT", 1]]
  ↳ app/controllers/users_controller.rb:22
Completed 404 Not Found in 43ms (ActiveRecord: 13.4ms)



ActiveRecord::RecordNotFound - Couldn't find User with 'id'=20:
  app/controllers/users_controller.rb:22:in `update'

Started PUT "/users/20?=" for 127.0.0.1 at 2019-04-08 16:26:00 -0700
Processing by UsersController#update as */*
  Parameters: {"user"=>{"name"=>"jane", "email"=>"jane@jane.com"}, "id"=>"20"}
  [1m[36mUser Load (0.7ms)[0m  [1m[34mSELECT  "users".* FROM "users" WHERE "users"."id" = $1 LIMIT $2[0m  [["id", 20], ["LIMIT", 1]]
  ↳ app/controllers/users_controller.rb:22
Completed 404 Not Found in 54ms (ActiveRecord: 18.7ms)



ActiveRecord::RecordNotFound - Couldn't find User with 'id'=20:
  app/controllers/users_controller.rb:22:in `update'

Started PUT "/users/20?=" for 127.0.0.1 at 2019-04-08 16:26:10 -0700
Processing by UsersController#update as */*
  Parameters: {"user"=>{"name"=>"jane", "email"=>"jane@jane.com"}, "id"=>"20"}
  [1m[36mUser Load (0.4ms)[0m  [1m[34mSELECT  "users".* FROM "users" WHERE "users"."id" = $1 LIMIT $2[0m  [["id", 20], ["LIMIT", 1]]
  ↳ app/controllers/users_controller.rb:22
Completed 404 Not Found in 3ms (ActiveRecord: 0.4ms)



ActiveRecord::RecordNotFound - Couldn't find User with 'id'=20:
  app/controllers/users_controller.rb:22:in `update'

Started PUT "/users/20?=" for 127.0.0.1 at 2019-04-08 16:26:37 -0700
Processing by UsersController#update as */*
  Parameters: {"user"=>{"name"=>"jane", "email"=>"jane@jane.com"}, "id"=>"20"}
  [1m[36mUser Load (0.5ms)[0m  [1m[34mSELECT  "users".* FROM "users" WHERE "users"."id" = $1 LIMIT $2[0m  [["id", 20], ["LIMIT", 1]]
  ↳ (byebug):1
  [1m[36mUser Load (1.3ms)[0m  [1m[34mSELECT  "users".* FROM "users" WHERE "users"."id" = $1 LIMIT $2[0m  [["id", 20], ["LIMIT", 1]]
  ↳ (byebug):1
Completed 500 Internal Server Error in 302885ms (ActiveRecord: 17.9ms)



Errno::EIO - Input/output error - read:
  app/controllers/users_controller.rb:23:in `update'

